1   1   2   3   5   
10  16  26  42  8   
6   9   15  68  13  
4   6   3   3   21  
2   2   89  55  34  
58
1   1   2   3    5   8   13  21  34  55  89  2   
6   6   12  18   30  48  78  7   7   14  21  2   
65  55  88  12   12  24  36  60  96  13  35  4   
40  33  17  17   34  51  85  18  18  13  56  6   
25  22  80  21   21  42  63  22  36  26  91  10  
15  11  48  100  24  24  48  22  54  39  8   16  
10  11  32  60   69  25  72  44  90  65  8   26  
5   80  16  40   46  23  23  66  19  14  16  42  
5   50  16  20   20  95  57  38  19  14  24  68  
84  30  75  45   30  15  15  70  42  28  40  3   
52  20  10  10   72  45  27  18  9   9   64  3   
32  20  12  8    4   4   63  39  24  15  9   6   
197
-1
-1
String Invalid Input
